<?xml version="1.0" encoding="UTF-8" ?>
<testsuite failures="0" time="0.015" errors="0" skipped="0" tests="3" name="destiny.core.chinese.SimpleEarthlyBranchesTest">
  <properties>
[...]
</properties>
  <testcase time="0.015" classname="destiny.core.chinese.SimpleEarthlyBranchesTest" name="testGetFiveElement"/>
  <testcase time="0" classname="destiny.core.chinese.SimpleEarthlyBranchesTest" name="testGetYinYang"/>
  <testcase time="0" classname="destiny.core.chinese.SimpleEarthlyBranchesTest" name="testGetFiveElementEarthlyBranches"/>
</testsuite>